0 info it worked if it ends with ok
1 verbose cli [ '/usr/local/Cellar/node/5.3.0/bin/node',
1 verbose cli   '/usr/local/bin/npm',
1 verbose cli   'run',
1 verbose cli   'publish' ]
2 info using npm@3.10.8
3 info using node@v7.0.0
4 verbose run-script [ 'prepublish', 'publish', 'postpublish' ]
5 info lifecycle generator-arc-component@1.0.1~prepublish: generator-arc-component@1.0.1
6 silly lifecycle generator-arc-component@1.0.1~prepublish: no script for prepublish, continuing
7 info lifecycle generator-arc-component@1.0.1~publish: generator-arc-component@1.0.1
8 verbose lifecycle generator-arc-component@1.0.1~publish: unsafe-perm in lifecycle true
9 verbose lifecycle generator-arc-component@1.0.1~publish: PATH: /usr/local/lib/node_modules/npm/bin/node-gyp-bin:/Users/bhargavponnapalli/Work/accessible-react/generator-arc-component/node_modules/.bin:/usr/local/Cellar/node/5.3.0/bin:/usr/local/Cellar/android-sdk/24.4.1_1/platform-tools:/Users/bhargavponnapalli/.rvm/gems/ruby-2.2.1/bin:/Users/bhargavponnapalli/.rvm/gems/ruby-2.2.1@global/bin:/Users/bhargavponnapalli/.rvm/rubies/ruby-2.2.1/bin:/usr/local/bin:/usr/bin:/bin:/usr/sbin:/sbin:/usr/local/Cellar/android-sdk/24.4.1_1/platform-tools:/Users/bhargavponnapalli/.rvm/gems/ruby-2.2.1/bin:/Users/bhargavponnapalli/.rvm/gems/ruby-2.2.1@global/bin:/Users/bhargavponnapalli/.rvm/rubies/ruby-2.2.1/bin:/Users/bhargavponnapalli/.rvm/bin:/Users/bhargavponnapalli/.meteor:/Users/bhargavponnapalli/.rvm/bin:/Users/bhargavponnapalli/.meteor
10 verbose lifecycle generator-arc-component@1.0.1~publish: CWD: /Users/bhargavponnapalli/Work/accessible-react/generator-arc-component
11 silly lifecycle generator-arc-component@1.0.1~publish: Args: [ '-c',
11 silly lifecycle   'npm version patch && npm publish && git push origin master --tags' ]
12 silly lifecycle generator-arc-component@1.0.1~publish: Returned: code: 1  signal: null
13 info lifecycle generator-arc-component@1.0.1~publish: Failed to exec publish script
14 verbose stack Error: generator-arc-component@1.0.1 publish: `npm version patch && npm publish && git push origin master --tags`
14 verbose stack Exit status 1
14 verbose stack     at EventEmitter.<anonymous> (/usr/local/lib/node_modules/npm/lib/utils/lifecycle.js:255:16)
14 verbose stack     at emitTwo (events.js:106:13)
14 verbose stack     at EventEmitter.emit (events.js:191:7)
14 verbose stack     at ChildProcess.<anonymous> (/usr/local/lib/node_modules/npm/lib/utils/spawn.js:40:14)
14 verbose stack     at emitTwo (events.js:106:13)
14 verbose stack     at ChildProcess.emit (events.js:191:7)
14 verbose stack     at maybeClose (internal/child_process.js:877:16)
14 verbose stack     at Process.ChildProcess._handle.onexit (internal/child_process.js:226:5)
15 verbose pkgid generator-arc-component@1.0.1
16 verbose cwd /Users/bhargavponnapalli/Work/accessible-react/generator-arc-component
17 error Darwin 16.3.0
18 error argv "/usr/local/Cellar/node/5.3.0/bin/node" "/usr/local/bin/npm" "run" "publish"
19 error node v7.0.0
20 error npm  v3.10.8
21 error code ELIFECYCLE
22 error generator-arc-component@1.0.1 publish: `npm version patch && npm publish && git push origin master --tags`
22 error Exit status 1
23 error Failed at the generator-arc-component@1.0.1 publish script 'npm version patch && npm publish && git push origin master --tags'.
23 error Make sure you have the latest version of node.js and npm installed.
23 error If you do, this is most likely a problem with the generator-arc-component package,
23 error not with npm itself.
23 error Tell the author that this fails on your system:
23 error     npm version patch && npm publish && git push origin master --tags
23 error You can get information on how to open an issue for this project with:
23 error     npm bugs generator-arc-component
23 error Or if that isn't available, you can get their info via:
23 error     npm owner ls generator-arc-component
23 error There is likely additional logging output above.
24 verbose exit [ 1, true ]
